<?xml version="1.0" encoding="UTF-8"?>
<testng-results skipped="0" failed="0" ignored="0" total="1" passed="1">
  <reporter-output>
  </reporter-output>
  <suite name="Default suite" duration-ms="74777" started-at="2020-06-13T19:35:43Z" finished-at="2020-06-13T19:36:57Z">
    <groups>
    </groups>
    <test name="Default test" duration-ms="74777" started-at="2020-06-13T19:35:43Z" finished-at="2020-06-13T19:36:57Z">
      <class name="com.capGemini.Timesheet.Timesheets.LoginTest">
        <test-method status="PASS" signature="setUp()[pri:0, instance:com.capGemini.Timesheet.Timesheets.LoginTest@59fa1d9b]" name="setUp" is-config="true" duration-ms="22115" started-at="2020-06-14T01:05:43Z" finished-at="2020-06-14T01:06:05Z">
          <reporter-output>
          </reporter-output>
        </test-method> <!-- setUp -->
        <test-method status="PASS" signature="login()[pri:0, instance:com.capGemini.Timesheet.Timesheets.LoginTest@59fa1d9b]" name="login" duration-ms="52626" started-at="2020-06-14T01:06:05Z" finished-at="2020-06-14T01:06:57Z">
          <reporter-output>
          </reporter-output>
        </test-method> <!-- login -->
      </class> <!-- com.capGemini.Timesheet.Timesheets.LoginTest -->
    </test> <!-- Default test -->
  </suite> <!-- Default suite -->
</testng-results>
